<?xml version="1.0" encoding="UTF-8"?>
<!-- Generated by org.testng.reporters.JUnitReportReporter -->
<testsuite skipped="0" hostname="VADGAONM4" name="TestNGExample.Demo5" tests="2" failures="0" timestamp="10 Aug 2021 15:30:38 GMT" time="0.021" errors="0">
  <testcase name="sendEmail" time="0.018" classname="TestNGExample.Demo5"/>
  <testcase name="sendEmail" time="0.003" classname="TestNGExample.Demo5"/>
</testsuite> <!-- TestNGExample.Demo5 -->
