<?xml version="1.0" encoding="UTF-8"?>
<!-- Generated by org.testng.reporters.JUnitReportReporter -->
<testsuite skipped="0" hostname="VADGAONM4" name="TestNGExample.Demo1" tests="4" failures="0" timestamp="10 Aug 2021 15:30:38 GMT" time="0.014" errors="0">
  <testcase name="testDemo4" time="0.003" classname="TestNGExample.Demo1"/>
  <testcase name="testDemo3" time="0.003" classname="TestNGExample.Demo1"/>
  <testcase name="testDemo1" time="0.004" classname="TestNGExample.Demo1"/>
  <testcase name="testDemo2" time="0.004" classname="TestNGExample.Demo1"/>
</testsuite> <!-- TestNGExample.Demo1 -->
