<?xml version="1.0" encoding="UTF-8"?>
<!-- Generated by org.testng.reporters.JUnitReportReporter -->
<testsuite skipped="0" hostname="VADGAONM4" name="TestNGExample.Demo2" tests="3" failures="0" timestamp="10 Aug 2021 15:30:38 GMT" time="0.020" errors="0">
  <testcase name="testDemo3" time="0.002" classname="TestNGExample.Demo2"/>
  <testcase name="testDemo1" time="0.012" classname="TestNGExample.Demo2"/>
  <testcase name="testDemo2" time="0.006" classname="TestNGExample.Demo2"/>
</testsuite> <!-- TestNGExample.Demo2 -->
