<?xml version="1.0" encoding="UTF-8"?>
<!-- Generated by org.testng.reporters.JUnitReportReporter -->
<testsuite skipped="0" hostname="VADGAONM4" name="TestNG1.Demo4" tests="2" failures="0" timestamp="11 Aug 2021 15:28:37 GMT" time="0.017" errors="0">
  <testcase name="registerUser" time="0.014" classname="TestNG1.Demo4"/>
  <testcase name="deleteUser" time="0.003" classname="TestNG1.Demo4"/>
</testsuite> <!-- TestNG1.Demo4 -->
