<?xml version="1.0" encoding="UTF-8"?>
<!-- Generated by org.testng.reporters.JUnitReportReporter -->
<testsuite skipped="0" hostname="VADGAONM4" name="TestNGExample.Demo8" tests="3" failures="0" timestamp="10 Aug 2021 15:30:38 GMT" time="0.015" errors="0">
  <testcase name="sendEmail" time="0.002" classname="TestNGExample.Demo8"/>
  <testcase name="sendEmail" time="0.002" classname="TestNGExample.Demo8"/>
  <testcase name="sendEmail" time="0.011" classname="TestNGExample.Demo8"/>
</testsuite> <!-- TestNGExample.Demo8 -->
