<?xml version="1.0" encoding="UTF-8"?>
<!-- Generated by org.testng.reporters.JUnitReportReporter -->
<testsuite skipped="0" hostname="VADGAONM4" name="TestNGExample.Demo7" tests="3" failures="0" timestamp="10 Aug 2021 15:30:38 GMT" time="0.012" errors="0">
  <testcase name="sendEmail" time="0.003" classname="TestNGExample.Demo7"/>
  <testcase name="sendEmail" time="0.005" classname="TestNGExample.Demo7"/>
  <testcase name="sendEmail" time="0.004" classname="TestNGExample.Demo7"/>
</testsuite> <!-- TestNGExample.Demo7 -->
